number,value,datetime_start,datetime_complete,duration,params_c,params_eta,params_mu,params_rho,state
497,0.00017626057307302637,2026-06-10 23:45:04.043521,2026-06-10 23:45:06.645434,0 days 00:00:02.601913,0.3657922587067185,0.031275282910847156,0.31379238482349653,0.3382159954173522,COMPLETE
498,0.3282019131194207,2026-06-10 23:45:06.647667,2026-06-10 23:45:09.341127,0 days 00:00:02.693460,0.7483887393084295,0.0,0.2002917515830751,0.9999999999999999,COMPLETE
499,0.007028472301657883,2026-06-10 23:45:09.342515,2026-06-10 23:45:11.406914,0 days 00:00:02.064399,0.6737609727661992,0.0,0.43184764494710226,0.6633343540453778,COMPLETE
